/dls_sw/cluster/GE/UGE8.6.12/DLS_SCIENCE/spool/cs04r-sc-com14-17/job_scripts/37393733: line 2: /home/i23user/bin/shelxgrid/sagasu_analysis: No such file or directory
Tolerance: 6.0

Reference model
Unit cell: (49.74, 117.08, 123.39, 90, 90, 90)
Space group: P 21 21 21 (No. 19)
1: S  :HAT:   0.9729  0.4216  0.0970
2: S  :HAT:   0.7432  0.4133  0.1177
3: S  :HAT:   1.1440  0.4145 -0.1315
4: S  :HAT:   1.1236  0.5430 -0.1162
5: S  :HAT:   1.0522  0.3211 -0.2053
6: S  :HAT:   1.0124  0.3296 -0.0621
7: S  :HAT:   1.1769  0.6181 -0.0959
8: S  :HAT:   0.8792  0.6418 -0.0649
9: S  :HAT:   1.3281  0.2951 -0.2980
10: S  :HAT:   0.7896  0.6647 -0.0519
11: S  :HAT:   1.4350  0.2864 -0.3177
12: S  :HAT:   0.5180  0.5360  0.0555
13: S  :HAT:   1.2538  0.6181 -0.2249
14: S  :HAT:   0.9241  0.5316  0.0994
15: S  :HAT:   1.3006  0.6715 -0.3090
16: S  :HAT:   0.9667  0.2911  0.0736
17: S  :HAT:   1.1567  0.1917 -0.2135
18: S  :HAT:   0.8169  0.3984  0.2144
19: S  :HAT:   0.5685  0.4459  0.0587
20: S  :HAT:   1.3439  0.6327 -0.2409

Other model
Unit cell: (49.74, 117.08, 123.39, 90, 90, 90)
Space group: P 21 21 21 (No. 19)
1: S  :HAT:   0.2561  0.9130  0.1161
2: S  :HAT:   0.0271  0.9218  0.0977
3: S  :HAT:  -0.1430  0.9145 -0.1318
4: S  :HAT:  -0.1237  1.0433 -0.1142
5: S  :HAT:  -0.0514  0.8213 -0.2066
6: S  :HAT:  -0.0110  0.8302 -0.0624
7: S  :HAT:   0.1176  1.1423 -0.0641
8: S  :HAT:  -0.1789  1.1187 -0.0968
9: S  :HAT:   0.2133  1.1646 -0.0515
10: S  :HAT:  -0.3287  0.7960 -0.2983
11: S  :HAT:   0.4838  1.0363  0.0539
12: S  :HAT:  -0.4327  0.7862 -0.3149
13: S  :HAT:  -0.2543  1.1171 -0.2253
14: S  :HAT:   0.0329  0.7903  0.0742
15: S  :HAT:  -0.1580  0.6931 -0.2132
16: S  :HAT:   0.0759  1.0316  0.1005
17: S  :HAT:   0.4684  1.1132  0.1209
18: S  :HAT:  -0.1264  0.8488  0.1142

...............................................................................

Match summary:
  Operator:
       rotation: {{-1, 0, 0}, {0, -1, 0}, {0, 0, -1}}
    translation: {0.5, 0, 0}
  rms coordinate differences: 0.18
  Pairs: 16
    1: S  :HAT:  2: S  :HAT:  0.092
    2: S  :HAT:  1: S  :HAT:  0.214
    3: S  :HAT:  3: S  :HAT:  0.066
    4: S  :HAT:  4: S  :HAT:  0.250
    5: S  :HAT:  5: S  :HAT:  0.168
    6: S  :HAT:  6: S  :HAT:  0.103
    7: S  :HAT:  8: S  :HAT:  0.167
    8: S  :HAT:  7: S  :HAT:  0.194
    9: S  :HAT:  10: S  :HAT:  0.119
    10: S  :HAT:  9: S  :HAT:  0.152
    11: S  :HAT:  12: S  :HAT:  0.364
    12: S  :HAT:  11: S  :HAT:  0.223
    13: S  :HAT:  13: S  :HAT:  0.138
    14: S  :HAT:  16: S  :HAT:  0.136
    16: S  :HAT:  14: S  :HAT:  0.119
    17: S  :HAT:  15: S  :HAT:  0.184
  Singles model 1: 4 
    15: S  :HAT:    18: S  :HAT:    19: S  :HAT:    20: S  :HAT:  
  Singles model 2: 2 
    17: S  :HAT:    18: S  :HAT:  

Tolerance: 6.0

Reference model
Unit cell: (49.74, 117.08, 123.39, 90, 90, 90)
Space group: P 21 21 21 (No. 19)
1: S  :HAT:   0.9729  0.4216  0.0970
2: S  :HAT:   0.7432  0.4133  0.1177
3: S  :HAT:   1.1440  0.4145 -0.1315
4: S  :HAT:   1.1236  0.5430 -0.1162
5: S  :HAT:   1.0522  0.3211 -0.2053
6: S  :HAT:   1.0124  0.3296 -0.0621
7: S  :HAT:   1.1769  0.6181 -0.0959
8: S  :HAT:   0.8792  0.6418 -0.0649
9: S  :HAT:   1.3281  0.2951 -0.2980
10: S  :HAT:   0.7896  0.6647 -0.0519
11: S  :HAT:   1.4350  0.2864 -0.3177
12: S  :HAT:   0.5180  0.5360  0.0555
13: S  :HAT:   1.2538  0.6181 -0.2249
14: S  :HAT:   0.9241  0.5316  0.0994
15: S  :HAT:   1.3006  0.6715 -0.3090
16: S  :HAT:   0.9667  0.2911  0.0736
17: S  :HAT:   1.1567  0.1917 -0.2135
18: S  :HAT:   0.8169  0.3984  0.2144
19: S  :HAT:   0.5685  0.4459  0.0587
20: S  :HAT:   1.3439  0.6327 -0.2409

Other model
Unit cell: (49.74, 117.08, 123.39, 90, 90, 90)
Space group: P 21 21 21 (No. 19)
1: S  :HAT:   0.2561  0.9130  0.1161
2: S  :HAT:   0.0271  0.9218  0.0977
3: S  :HAT:  -0.1430  0.9145 -0.1318
4: S  :HAT:  -0.1237  1.0433 -0.1142
5: S  :HAT:  -0.0514  0.8213 -0.2066
6: S  :HAT:  -0.0110  0.8302 -0.0624
7: S  :HAT:   0.1176  1.1423 -0.0641
8: S  :HAT:  -0.1789  1.1187 -0.0968
9: S  :HAT:   0.2133  1.1646 -0.0515
10: S  :HAT:  -0.3287  0.7960 -0.2983
11: S  :HAT:   0.4838  1.0363  0.0539
12: S  :HAT:  -0.4327  0.7862 -0.3149
13: S  :HAT:  -0.2543  1.1171 -0.2253
14: S  :HAT:   0.0329  0.7903  0.0742
15: S  :HAT:  -0.1580  0.6931 -0.2132
16: S  :HAT:   0.0759  1.0316  0.1005
17: S  :HAT:   0.4684  1.1132  0.1209
18: S  :HAT:  -0.1264  0.8488  0.1142

...............................................................................

Match summary:
  Operator:
       rotation: {{-1, 0, 0}, {0, -1, 0}, {0, 0, -1}}
    translation: {0.5, 0, 0}
  rms coordinate differences: 0.18
  Pairs: 16
    1: S  :HAT:  2: S  :HAT:  0.092
    2: S  :HAT:  1: S  :HAT:  0.214
    3: S  :HAT:  3: S  :HAT:  0.066
    4: S  :HAT:  4: S  :HAT:  0.250
    5: S  :HAT:  5: S  :HAT:  0.168
    6: S  :HAT:  6: S  :HAT:  0.103
    7: S  :HAT:  8: S  :HAT:  0.167
    8: S  :HAT:  7: S  :HAT:  0.194
    9: S  :HAT:  10: S  :HAT:  0.119
    10: S  :HAT:  9: S  :HAT:  0.152
    11: S  :HAT:  12: S  :HAT:  0.364
    12: S  :HAT:  11: S  :HAT:  0.223
    13: S  :HAT:  13: S  :HAT:  0.138
    14: S  :HAT:  16: S  :HAT:  0.136
    16: S  :HAT:  14: S  :HAT:  0.119
    17: S  :HAT:  15: S  :HAT:  0.184
  Singles model 1: 4 
    15: S  :HAT:    18: S  :HAT:    19: S  :HAT:    20: S  :HAT:  
  Singles model 2: 2 
    17: S  :HAT:    18: S  :HAT:  

Tolerance: 6.0

Reference model
Unit cell: (49.74, 117.08, 123.39, 90, 90, 90)
Space group: P 21 21 21 (No. 19)
1: S  :HAT:   0.9729  0.4216  0.0970
2: S  :HAT:   0.7432  0.4133  0.1177
3: S  :HAT:   1.1440  0.4145 -0.1315
4: S  :HAT:   1.1236  0.5430 -0.1162
5: S  :HAT:   1.0522  0.3211 -0.2053
6: S  :HAT:   1.0124  0.3296 -0.0621
7: S  :HAT:   1.1769  0.6181 -0.0959
8: S  :HAT:   0.8792  0.6418 -0.0649
9: S  :HAT:   1.3281  0.2951 -0.2980
10: S  :HAT:   0.7896  0.6647 -0.0519
11: S  :HAT:   1.4350  0.2864 -0.3177
12: S  :HAT:   0.5180  0.5360  0.0555
13: S  :HAT:   1.2538  0.6181 -0.2249
14: S  :HAT:   0.9241  0.5316  0.0994
15: S  :HAT:   1.3006  0.6715 -0.3090
16: S  :HAT:   0.9667  0.2911  0.0736
17: S  :HAT:   1.1567  0.1917 -0.2135
18: S  :HAT:   0.8169  0.3984  0.2144
19: S  :HAT:   0.5685  0.4459  0.0587
20: S  :HAT:   1.3439  0.6327 -0.2409

Other model
Unit cell: (49.74, 117.08, 123.39, 90, 90, 90)
Space group: P 21 21 21 (No. 19)
1: S  :HAT:   0.2561  0.9130  0.1161
2: S  :HAT:   0.0271  0.9218  0.0977
3: S  :HAT:  -0.1430  0.9145 -0.1318
4: S  :HAT:  -0.1237  1.0433 -0.1142
5: S  :HAT:  -0.0514  0.8213 -0.2066
6: S  :HAT:  -0.0110  0.8302 -0.0624
7: S  :HAT:   0.1176  1.1423 -0.0641
8: S  :HAT:  -0.1789  1.1187 -0.0968
9: S  :HAT:   0.2133  1.1646 -0.0515
10: S  :HAT:  -0.3287  0.7960 -0.2983
11: S  :HAT:   0.4838  1.0363  0.0539
12: S  :HAT:  -0.4327  0.7862 -0.3149
13: S  :HAT:  -0.2543  1.1171 -0.2253
14: S  :HAT:   0.0329  0.7903  0.0742
15: S  :HAT:  -0.1580  0.6931 -0.2132
16: S  :HAT:   0.0759  1.0316  0.1005
17: S  :HAT:   0.4684  1.1132  0.1209
18: S  :HAT:  -0.1264  0.8488  0.1142

...............................................................................

Match summary:
  Operator:
       rotation: {{-1, 0, 0}, {0, -1, 0}, {0, 0, -1}}
    translation: {0.5, 0, 0}
  rms coordinate differences: 0.18
  Pairs: 16
    1: S  :HAT:  2: S  :HAT:  0.092
    2: S  :HAT:  1: S  :HAT:  0.214
    3: S  :HAT:  3: S  :HAT:  0.066
    4: S  :HAT:  4: S  :HAT:  0.250
    5: S  :HAT:  5: S  :HAT:  0.168
    6: S  :HAT:  6: S  :HAT:  0.103
    7: S  :HAT:  8: S  :HAT:  0.167
    8: S  :HAT:  7: S  :HAT:  0.194
    9: S  :HAT:  10: S  :HAT:  0.119
    10: S  :HAT:  9: S  :HAT:  0.152
    11: S  :HAT:  12: S  :HAT:  0.364
    12: S  :HAT:  11: S  :HAT:  0.223
    13: S  :HAT:  13: S  :HAT:  0.138
    14: S  :HAT:  16: S  :HAT:  0.136
    16: S  :HAT:  14: S  :HAT:  0.119
    17: S  :HAT:  15: S  :HAT:  0.184
  Singles model 1: 4 
    15: S  :HAT:    18: S  :HAT:    19: S  :HAT:    20: S  :HAT:  
  Singles model 2: 2 
    17: S  :HAT:    18: S  :HAT:  

/dls_sw/cluster/GE/UGE8.6.12/DLS_SCIENCE/spool/cs04r-sc-com13-10/job_scripts/37393947: line 2: /home/i23user/bin/shelxgrid/sagasu_analysis: No such file or directory
Tolerance: 6.0

Reference model
Unit cell: (49.74, 117.08, 123.39, 90, 90, 90)
Space group: P 21 21 21 (No. 19)
1: S  :HAT:   0.1454  0.5856  0.1321
2: S  :HAT:  -0.0283  0.5777 -0.0974
3: S  :HAT:  -0.2552  0.5868 -0.1174
4: S  :HAT:   0.1246  0.4580  0.1169
5: S  :HAT:   0.0515  0.6776  0.2069
6: S  :HAT:   0.0087  0.6702  0.0639
7: S  :HAT:   0.1805  0.3831  0.0957
8: S  :HAT:  -0.1227  0.3552  0.0666
9: S  :HAT:  -0.2166  0.3338  0.0515
10: S  :HAT:  -0.0306  0.7105 -0.0738

Other model
Unit cell: (49.74, 117.08, 123.39, 90, 90, 90)
Space group: P 21 21 21 (No. 19)
1: S  :HAT:   0.5271  0.9217  0.0978
2: S  :HAT:   0.7581  0.9126  0.1164
3: S  :HAT:   0.3575  0.9144 -0.1328
4: S  :HAT:   0.3761  1.0437 -0.1144
5: S  :HAT:   0.4485  0.8209 -0.2069
6: S  :HAT:   0.4886  0.8298 -0.0626
7: S  :HAT:   0.3185  1.1185 -0.0973
8: S  :HAT:   0.6179  1.1423 -0.0648
9: S  :HAT:   0.5327  0.7891  0.0740
10: S  :HAT:   0.3454  0.6914 -0.2144

...............................................................................

Match summary:
  Operator:
       rotation: {{-1, 0, 0}, {0, -1, 0}, {0, 0, -1}}
    translation: {0.5, 0.5, 0}
  rms coordinate differences: 0.25
  Pairs: 9
    1: S  :HAT:  3: S  :HAT:  0.164
    2: S  :HAT:  1: S  :HAT:  0.109
    3: S  :HAT:  2: S  :HAT:  0.205
    4: S  :HAT:  4: S  :HAT:  0.366
    5: S  :HAT:  5: S  :HAT:  0.182
    6: S  :HAT:  6: S  :HAT:  0.209
    7: S  :HAT:  7: S  :HAT:  0.273
    8: S  :HAT:  8: S  :HAT:  0.442
    10: S  :HAT:  9: S  :HAT:  0.117
  Singles model 1: 1 
    9: S  :HAT:  
  Singles model 2: 1 
    10: S  :HAT:  

Tolerance: 6.0

Reference model
Unit cell: (49.74, 117.08, 123.39, 90, 90, 90)
Space group: P 21 21 21 (No. 19)
1: S  :HAT:   0.1454  0.5856  0.1321
2: S  :HAT:  -0.0283  0.5777 -0.0974
3: S  :HAT:  -0.2552  0.5868 -0.1174
4: S  :HAT:   0.1246  0.4580  0.1169
5: S  :HAT:   0.0515  0.6776  0.2069
6: S  :HAT:   0.0087  0.6702  0.0639
7: S  :HAT:   0.1805  0.3831  0.0957
8: S  :HAT:  -0.1227  0.3552  0.0666
9: S  :HAT:  -0.2166  0.3338  0.0515
10: S  :HAT:  -0.0306  0.7105 -0.0738

Other model
Unit cell: (49.74, 117.08, 123.39, 90, 90, 90)
Space group: P 21 21 21 (No. 19)
1: S  :HAT:   0.5271  0.9217  0.0978
2: S  :HAT:   0.7581  0.9126  0.1164
3: S  :HAT:   0.3575  0.9144 -0.1328
4: S  :HAT:   0.3761  1.0437 -0.1144
5: S  :HAT:   0.4485  0.8209 -0.2069
6: S  :HAT:   0.4886  0.8298 -0.0626
7: S  :HAT:   0.3185  1.1185 -0.0973
8: S  :HAT:   0.6179  1.1423 -0.0648
9: S  :HAT:   0.5327  0.7891  0.0740
10: S  :HAT:   0.3454  0.6914 -0.2144

...............................................................................

Match summary:
  Operator:
       rotation: {{-1, 0, 0}, {0, -1, 0}, {0, 0, -1}}
    translation: {0.5, 0.5, 0}
  rms coordinate differences: 0.25
  Pairs: 9
    1: S  :HAT:  3: S  :HAT:  0.164
    2: S  :HAT:  1: S  :HAT:  0.109
    3: S  :HAT:  2: S  :HAT:  0.205
    4: S  :HAT:  4: S  :HAT:  0.366
    5: S  :HAT:  5: S  :HAT:  0.182
    6: S  :HAT:  6: S  :HAT:  0.209
    7: S  :HAT:  7: S  :HAT:  0.273
    8: S  :HAT:  8: S  :HAT:  0.442
    10: S  :HAT:  9: S  :HAT:  0.117
  Singles model 1: 1 
    9: S  :HAT:  
  Singles model 2: 1 
    10: S  :HAT:  

Tolerance: 6.0

Reference model
Unit cell: (49.74, 117.08, 123.39, 90, 90, 90)
Space group: P 21 21 21 (No. 19)
1: S  :HAT:   0.1454  0.5856  0.1321
2: S  :HAT:  -0.0283  0.5777 -0.0974
3: S  :HAT:  -0.2552  0.5868 -0.1174
4: S  :HAT:   0.1246  0.4580  0.1169
5: S  :HAT:   0.0515  0.6776  0.2069
6: S  :HAT:   0.0087  0.6702  0.0639
7: S  :HAT:   0.1805  0.3831  0.0957
8: S  :HAT:  -0.1227  0.3552  0.0666
9: S  :HAT:  -0.2166  0.3338  0.0515
10: S  :HAT:  -0.0306  0.7105 -0.0738

Other model
Unit cell: (49.74, 117.08, 123.39, 90, 90, 90)
Space group: P 21 21 21 (No. 19)
1: S  :HAT:   0.5271  0.9217  0.0978
2: S  :HAT:   0.7581  0.9126  0.1164
3: S  :HAT:   0.3575  0.9144 -0.1328
4: S  :HAT:   0.3761  1.0437 -0.1144
5: S  :HAT:   0.4485  0.8209 -0.2069
6: S  :HAT:   0.4886  0.8298 -0.0626
7: S  :HAT:   0.3185  1.1185 -0.0973
8: S  :HAT:   0.6179  1.1423 -0.0648
9: S  :HAT:   0.5327  0.7891  0.0740
10: S  :HAT:   0.3454  0.6914 -0.2144

...............................................................................

Match summary:
  Operator:
       rotation: {{-1, 0, 0}, {0, -1, 0}, {0, 0, -1}}
    translation: {0.5, 0.5, 0}
  rms coordinate differences: 0.25
  Pairs: 9
    1: S  :HAT:  3: S  :HAT:  0.164
    2: S  :HAT:  1: S  :HAT:  0.109
    3: S  :HAT:  2: S  :HAT:  0.205
    4: S  :HAT:  4: S  :HAT:  0.366
    5: S  :HAT:  5: S  :HAT:  0.182
    6: S  :HAT:  6: S  :HAT:  0.209
    7: S  :HAT:  7: S  :HAT:  0.273
    8: S  :HAT:  8: S  :HAT:  0.442
    10: S  :HAT:  9: S  :HAT:  0.117
  Singles model 1: 1 
    9: S  :HAT:  
  Singles model 2: 1 
    10: S  :HAT:  

Tolerance: 6.0

Reference model
Unit cell: (49.74, 117.08, 123.39, 90, 90, 90)
Space group: P 21 21 21 (No. 19)
1: S  :HAT:   0.1454  0.5856  0.1321
2: S  :HAT:  -0.0283  0.5777 -0.0974
3: S  :HAT:  -0.2552  0.5868 -0.1174
4: S  :HAT:   0.1246  0.4580  0.1169
5: S  :HAT:   0.0515  0.6776  0.2069
6: S  :HAT:   0.0087  0.6702  0.0639
7: S  :HAT:   0.1805  0.3831  0.0957
8: S  :HAT:  -0.1227  0.3552  0.0666
9: S  :HAT:  -0.2166  0.3338  0.0515
10: S  :HAT:  -0.0306  0.7105 -0.0738

Other model
Unit cell: (49.74, 117.08, 123.39, 90, 90, 90)
Space group: P 21 21 21 (No. 19)
1: S  :HAT:   0.5271  0.9217  0.0978
2: S  :HAT:   0.7581  0.9126  0.1164
3: S  :HAT:   0.3575  0.9144 -0.1328
4: S  :HAT:   0.3761  1.0437 -0.1144
5: S  :HAT:   0.4485  0.8209 -0.2069
6: S  :HAT:   0.4886  0.8298 -0.0626
7: S  :HAT:   0.3185  1.1185 -0.0973
8: S  :HAT:   0.6179  1.1423 -0.0648
9: S  :HAT:   0.5327  0.7891  0.0740
10: S  :HAT:   0.3454  0.6914 -0.2144

...............................................................................

Match summary:
  Operator:
       rotation: {{-1, 0, 0}, {0, -1, 0}, {0, 0, -1}}
    translation: {0.5, 0.5, 0}
  rms coordinate differences: 0.25
  Pairs: 9
    1: S  :HAT:  3: S  :HAT:  0.164
    2: S  :HAT:  1: S  :HAT:  0.109
    3: S  :HAT:  2: S  :HAT:  0.205
    4: S  :HAT:  4: S  :HAT:  0.366
    5: S  :HAT:  5: S  :HAT:  0.182
    6: S  :HAT:  6: S  :HAT:  0.209
    7: S  :HAT:  7: S  :HAT:  0.273
    8: S  :HAT:  8: S  :HAT:  0.442
    10: S  :HAT:  9: S  :HAT:  0.117
  Singles model 1: 1 
    9: S  :HAT:  
  Singles model 2: 1 
    10: S  :HAT:  

Tolerance: 6.0

Reference model
Unit cell: (49.74, 117.08, 123.39, 90, 90, 90)
Space group: P 21 21 21 (No. 19)
1: S  :HAT:   0.1454  0.5856  0.1321
2: S  :HAT:  -0.0283  0.5777 -0.0974
3: S  :HAT:  -0.2552  0.5868 -0.1174
4: S  :HAT:   0.1246  0.4580  0.1169
5: S  :HAT:   0.0515  0.6776  0.2069
6: S  :HAT:   0.0087  0.6702  0.0639
7: S  :HAT:   0.1805  0.3831  0.0957
8: S  :HAT:  -0.1227  0.3552  0.0666
9: S  :HAT:  -0.2166  0.3338  0.0515
10: S  :HAT:  -0.0306  0.7105 -0.0738

Other model
Unit cell: (49.74, 117.08, 123.39, 90, 90, 90)
Space group: P 21 21 21 (No. 19)
1: S  :HAT:   0.5271  0.9217  0.0978
2: S  :HAT:   0.7581  0.9126  0.1164
3: S  :HAT:   0.3575  0.9144 -0.1328
4: S  :HAT:   0.3761  1.0437 -0.1144
5: S  :HAT:   0.4485  0.8209 -0.2069
6: S  :HAT:   0.4886  0.8298 -0.0626
7: S  :HAT:   0.3185  1.1185 -0.0973
8: S  :HAT:   0.6179  1.1423 -0.0648
9: S  :HAT:   0.5327  0.7891  0.0740
10: S  :HAT:   0.3454  0.6914 -0.2144

...............................................................................

Match summary:
  Operator:
       rotation: {{-1, 0, 0}, {0, -1, 0}, {0, 0, -1}}
    translation: {0.5, 0.5, 0}
  rms coordinate differences: 0.25
  Pairs: 9
    1: S  :HAT:  3: S  :HAT:  0.164
    2: S  :HAT:  1: S  :HAT:  0.109
    3: S  :HAT:  2: S  :HAT:  0.205
    4: S  :HAT:  4: S  :HAT:  0.366
    5: S  :HAT:  5: S  :HAT:  0.182
    6: S  :HAT:  6: S  :HAT:  0.209
    7: S  :HAT:  7: S  :HAT:  0.273
    8: S  :HAT:  8: S  :HAT:  0.442
    10: S  :HAT:  9: S  :HAT:  0.117
  Singles model 1: 1 
    9: S  :HAT:  
  Singles model 2: 1 
    10: S  :HAT:  

Tolerance: 6.0

Reference model
Unit cell: (49.74, 117.08, 123.39, 90, 90, 90)
Space group: P 21 21 21 (No. 19)
1: S  :HAT:   0.1454  0.5856  0.1321
2: S  :HAT:  -0.0283  0.5777 -0.0974
3: S  :HAT:  -0.2552  0.5868 -0.1174
4: S  :HAT:   0.1246  0.4580  0.1169
5: S  :HAT:   0.0515  0.6776  0.2069
6: S  :HAT:   0.0087  0.6702  0.0639
7: S  :HAT:   0.1805  0.3831  0.0957
8: S  :HAT:  -0.1227  0.3552  0.0666
9: S  :HAT:  -0.2166  0.3338  0.0515
10: S  :HAT:  -0.0306  0.7105 -0.0738

Other model
Unit cell: (49.74, 117.08, 123.39, 90, 90, 90)
Space group: P 21 21 21 (No. 19)
1: S  :HAT:   0.5271  0.9217  0.0978
2: S  :HAT:   0.7581  0.9126  0.1164
3: S  :HAT:   0.3575  0.9144 -0.1328
4: S  :HAT:   0.3761  1.0437 -0.1144
5: S  :HAT:   0.4485  0.8209 -0.2069
6: S  :HAT:   0.4886  0.8298 -0.0626
7: S  :HAT:   0.3185  1.1185 -0.0973
8: S  :HAT:   0.6179  1.1423 -0.0648
9: S  :HAT:   0.5327  0.7891  0.0740
10: S  :HAT:   0.3454  0.6914 -0.2144

...............................................................................

Match summary:
  Operator:
       rotation: {{-1, 0, 0}, {0, -1, 0}, {0, 0, -1}}
    translation: {0.5, 0.5, 0}
  rms coordinate differences: 0.25
  Pairs: 9
    1: S  :HAT:  3: S  :HAT:  0.164
    2: S  :HAT:  1: S  :HAT:  0.109
    3: S  :HAT:  2: S  :HAT:  0.205
    4: S  :HAT:  4: S  :HAT:  0.366
    5: S  :HAT:  5: S  :HAT:  0.182
    6: S  :HAT:  6: S  :HAT:  0.209
    7: S  :HAT:  7: S  :HAT:  0.273
    8: S  :HAT:  8: S  :HAT:  0.442
    10: S  :HAT:  9: S  :HAT:  0.117
  Singles model 1: 1 
    9: S  :HAT:  
  Singles model 2: 1 
    10: S  :HAT:  

Tolerance: 6.0

Reference model
Unit cell: (232.68, 74.21, 89.81, 90, 111.97, 90)
Space group: C 1 2 1 (No. 5)
1: S  :HAT:   0.0000  0.2549  0.5000
2: S  :HAT:   0.0000  0.1567  0.5000
3: S  :HAT:   0.0000  0.0647  0.5000
4: S  :HAT:   0.0000  0.3687  0.5000
5: S  :HAT:   0.0000 -0.1102  0.5000
6: S  :HAT:   0.0071  0.3716  0.5160
7: S  :HAT:  -0.0064  0.4265  0.5163
8: S  :HAT:  -0.0127  0.3746  0.5347
9: S  :HAT:  -0.0531  0.2973  0.4644
10: S  :HAT:  -0.0194  0.0313  0.4850
11: S  :HAT:  -0.1303 -0.1928  0.2889
12: S  :HAT:  -0.0826  0.4484  0.4359
13: S  :HAT:   0.0103 -0.1900  0.4536
14: S  :HAT:  -0.0270  0.2480  0.5530
15: S  :HAT:  -0.1089  0.3088  0.4331
16: S  :HAT:   0.0563 -0.2824  0.5610
17: S  :HAT:  -0.1052 -0.0353  0.2665
18: S  :HAT:  -0.0236  0.0820  0.5207
19: S  :HAT:  -0.2271 -0.1934  0.3679
20: S  :HAT:   0.0466 -0.3768  0.4800
21: S  :HAT:  -0.0770  0.2455  0.4432
22: S  :HAT:  -0.1066  0.3420  0.2714
23: S  :HAT:   0.0142  0.3810  0.6171
24: S  :HAT:  -0.0636  0.3400  0.4159
25: S  :HAT:  -0.0345  0.3081  0.4447
26: S  :HAT:   0.0108  0.4738  0.5317
27: S  :HAT:   0.0160 -0.3370  0.5129
28: S  :HAT:  -0.0228  0.1595  0.4342

Other model
Unit cell: (232.68, 74.21, 89.81, 90, 111.97, 90)
Space group: C 1 2 1 (No. 5)
1: S  :HAT:   0.0000  0.0289  0.0000
2: S  :HAT:   0.0000  0.1363  0.0000
3: S  :HAT:   0.0000 -0.3408  0.0000
4: S  :HAT:   0.0000 -0.0761  0.0000
5: S  :HAT:   0.0000 -0.5270  0.0000
6: S  :HAT:   0.0000 -0.2570  0.0000
7: S  :HAT:   0.0000 -0.1592  0.0000
8: S  :HAT:   0.0568  0.0629  0.0386
9: S  :HAT:   0.0110  0.1357 -0.0446
10: S  :HAT:  -0.1272 -0.4249 -0.2105
11: S  :HAT:   0.0122  0.2512  0.0365
12: S  :HAT:   0.0245 -0.1528 -0.0203
13: S  :HAT:   0.0203  0.0280 -0.0200
14: S  :HAT:   0.0122  0.1557  0.0132
15: S  :HAT:   0.0241 -0.2109  0.0179
16: S  :HAT:   0.0173 -0.0264  0.0107
17: S  :HAT:   0.1400  0.1477 -0.2038
18: S  :HAT:   0.2279  0.0468 -0.2494
19: S  :HAT:   0.0272 -0.0923 -0.0528
20: S  :HAT:   0.1467  0.1340 -0.1870
21: S  :HAT:   0.2343  0.0291  0.2089
22: S  :HAT:   0.0549 -0.3372 -0.1219

...............................................................................

Match summary:
  Operator:
       rotation: {{1, 0, 0}, {0, 1, 0}, {0, 0, 1}}
    translation: {-1.35417*^-35, 0.224172, 0.5}
  rms coordinate differences: 2.21
  Pairs: 15
    1: S  :HAT:  1: S  :HAT:  0.134
    2: S  :HAT:  4: S  :HAT:  0.642
    3: S  :HAT:  7: S  :HAT:  0.020
    4: S  :HAT:  2: S  :HAT:  0.616
    5: S  :HAT:  3: S  :HAT:  0.480
    6: S  :HAT:  14: S  :HAT:  1.449
    8: S  :HAT:  9: S  :HAT:  1.368
    9: S  :HAT:  8: S  :HAT:  1.111
    10: S  :HAT:  15: S  :HAT:  1.678
    11: S  :HAT:  10: S  :HAT:  0.917
    14: S  :HAT:  13: S  :HAT:  3.859
    18: S  :HAT:  12: S  :HAT:  0.813
    26: S  :HAT:  11: S  :HAT:  0.445
    27: S  :HAT:  5: S  :HAT:  4.292
    28: S  :HAT:  16: S  :HAT:  5.428
  Singles model 1: 13 
    7: S  :HAT:    12: S  :HAT:    13: S  :HAT:    15: S  :HAT:    16: S  :HAT:  
    17: S  :HAT:    19: S  :HAT:    20: S  :HAT:    21: S  :HAT:    22: S  :HAT:  
    23: S  :HAT:    24: S  :HAT:    25: S  :HAT:  
  Singles model 2: 7 
    6: S  :HAT:    17: S  :HAT:    18: S  :HAT:    19: S  :HAT:    20: S  :HAT:  
    21: S  :HAT:    22: S  :HAT:  

...............................................................................

Match summary:
  Operator:
       rotation: {{1, 0, 0}, {0, 1, 0}, {0, 0, 1}}
    translation: {-6.62038*^-35, 0.230834, 0.5}
  rms coordinate differences: 2.01
  Pairs: 14
    1: S  :HAT:  1: S  :HAT:  0.360
    2: S  :HAT:  4: S  :HAT:  0.148
    3: S  :HAT:  7: S  :HAT:  0.514
    4: S  :HAT:  2: S  :HAT:  0.122
    5: S  :HAT:  3: S  :HAT:  0.014
    7: S  :HAT:  14: S  :HAT:  3.867
    8: S  :HAT:  9: S  :HAT:  1.018
    9: S  :HAT:  8: S  :HAT:  0.852
    10: S  :HAT:  15: S  :HAT:  1.317
    11: S  :HAT:  10: S  :HAT:  0.707
    14: S  :HAT:  13: S  :HAT:  3.930
    18: S  :HAT:  12: S  :HAT:  0.359
    26: S  :HAT:  11: S  :HAT:  0.749
    27: S  :HAT:  5: S  :HAT:  4.601
  Singles model 1: 14 
    6: S  :HAT:    12: S  :HAT:    13: S  :HAT:    15: S  :HAT:    16: S  :HAT:  
    17: S  :HAT:    19: S  :HAT:    20: S  :HAT:    21: S  :HAT:    22: S  :HAT:  
    23: S  :HAT:    24: S  :HAT:    25: S  :HAT:    28: S  :HAT:  
  Singles model 2: 8 
    6: S  :HAT:    16: S  :HAT:    17: S  :HAT:    18: S  :HAT:    19: S  :HAT:  
    20: S  :HAT:    21: S  :HAT:    22: S  :HAT:  

Tolerance: 6.0

Reference model
Unit cell: (271, 38, 57, 90, 93, 90)
Space group: C 1 2 1 (No. 5)
1: S  :HAT:   0.3120  0.9188  0.1254
2: S  :HAT:   0.4726  1.3979  0.5475
3: S  :HAT:   0.4767  1.4464  0.7681
4: S  :HAT:   0.4015  1.3617  0.3449
5: S  :HAT:   0.3661  1.0998  0.5312
6: S  :HAT:   0.2938  0.4468  0.0039
7: S  :HAT:   0.3860  0.9646  0.3377
8: S  :HAT:   0.3204  0.9241  0.3758
9: S  :HAT:   0.3070  0.9648  0.4741
10: S  :HAT:   0.3885  0.7580  0.2516
11: S  :HAT:   0.2994  0.9571 -0.1106
12: S  :HAT:   0.2972  0.7154  0.1393
13: S  :HAT:   0.4629  1.8750  0.4611
14: S  :HAT:   0.2429  0.8489  0.3992
15: S  :HAT:   0.2422  0.8460  0.4978

Other model
Unit cell: (271, 38, 57, 90, 93, 90)
Space group: C 1 2 1 (No. 5)
1: S  :HAT:   0.9769  0.3018  0.2725
2: S  :HAT:   0.8127  0.7777  0.6265
3: S  :HAT:   0.9733  0.2517  0.0512
4: S  :HAT:   0.9034  0.1863 -0.1328
5: S  :HAT:   0.8199  0.7875  0.8687
6: S  :HAT:   0.8666 -0.0406  0.0335
7: S  :HAT:   0.8876  0.6194 -0.2335
8: S  :HAT:   0.7930  0.3012  0.4992
9: S  :HAT:   0.8088  0.8229  0.9734
10: S  :HAT:   0.9019  0.3177  0.1001
11: S  :HAT:   0.8865  0.8003 -0.1541
12: S  :HAT:   0.9680  0.4468  0.3286
13: S  :HAT:   0.7998  0.8149  0.3856
14: S  :HAT:   0.9095  0.0544 -0.0352
15: S  :HAT:   0.8444  0.3452 -0.0919
16: S  :HAT:   0.8021  0.9633  0.8944
17: S  :HAT:   0.8390  0.7856  0.5015

...............................................................................

Match summary:
  Operator:
       rotation: {{1, 0, 0}, {0, 1, 0}, {0, 0, 1}}
    translation: {-1.53284*^-35, -0.353014, 0.5}
  rms coordinate differences: 0.72
  Pairs: 11
    1: S  :HAT:  2: S  :HAT:  0.296
    2: S  :HAT:  3: S  :HAT:  0.276
    3: S  :HAT:  1: S  :HAT:  0.269
    4: S  :HAT:  4: S  :HAT:  1.726
    5: S  :HAT:  6: S  :HAT:  0.311
    6: S  :HAT:  8: S  :HAT:  0.340
    7: S  :HAT:  11: S  :HAT:  0.817
    8: S  :HAT:  5: S  :HAT:  0.574
    9: S  :HAT:  9: S  :HAT:  0.528
    10: S  :HAT:  7: S  :HAT:  0.956
    11: S  :HAT:  13: S  :HAT:  0.314
  Singles model 1: 4 
    12: S  :HAT:    13: S  :HAT:    14: S  :HAT:    15: S  :HAT:  
  Singles model 2: 6 
    10: S  :HAT:    12: S  :HAT:    14: S  :HAT:    15: S  :HAT:    16: S  :HAT:  
    17: S  :HAT:  

Tolerance: 6.0

Reference model
Unit cell: (271, 38, 57, 90, 93, 90)
Space group: C 1 2 1 (No. 5)
1: S  :HAT:   0.3120  0.9188  0.1254
2: S  :HAT:   0.4726  1.3979  0.5475
3: S  :HAT:   0.4767  1.4464  0.7681
4: S  :HAT:   0.4015  1.3617  0.3449
5: S  :HAT:   0.3661  1.0998  0.5312
6: S  :HAT:   0.2938  0.4468  0.0039
7: S  :HAT:   0.3860  0.9646  0.3377
8: S  :HAT:   0.3204  0.9241  0.3758
9: S  :HAT:   0.3070  0.9648  0.4741
10: S  :HAT:   0.3885  0.7580  0.2516
11: S  :HAT:   0.2994  0.9571 -0.1106
12: S  :HAT:   0.2972  0.7154  0.1393
13: S  :HAT:   0.4629  1.8750  0.4611
14: S  :HAT:   0.2429  0.8489  0.3992
15: S  :HAT:   0.2422  0.8460  0.4978

Other model
Unit cell: (271, 38, 57, 90, 93, 90)
Space group: C 1 2 1 (No. 5)
1: S  :HAT:   0.9769  0.3018  0.2725
2: S  :HAT:   0.8127  0.7777  0.6265
3: S  :HAT:   0.9733  0.2517  0.0512
4: S  :HAT:   0.9034  0.1863 -0.1328
5: S  :HAT:   0.8199  0.7875  0.8687
6: S  :HAT:   0.8666 -0.0406  0.0335
7: S  :HAT:   0.8876  0.6194 -0.2335
8: S  :HAT:   0.7930  0.3012  0.4992
9: S  :HAT:   0.8088  0.8229  0.9734
10: S  :HAT:   0.9019  0.3177  0.1001
11: S  :HAT:   0.8865  0.8003 -0.1541
12: S  :HAT:   0.9680  0.4468  0.3286
13: S  :HAT:   0.7998  0.8149  0.3856
14: S  :HAT:   0.9095  0.0544 -0.0352
15: S  :HAT:   0.8444  0.3452 -0.0919
16: S  :HAT:   0.8021  0.9633  0.8944
17: S  :HAT:   0.8390  0.7856  0.5015

...............................................................................

Match summary:
  Operator:
       rotation: {{1, 0, 0}, {0, 1, 0}, {0, 0, 1}}
    translation: {-1.53284*^-35, -0.353014, 0.5}
  rms coordinate differences: 0.72
  Pairs: 11
    1: S  :HAT:  2: S  :HAT:  0.296
    2: S  :HAT:  3: S  :HAT:  0.276
    3: S  :HAT:  1: S  :HAT:  0.269
    4: S  :HAT:  4: S  :HAT:  1.726
    5: S  :HAT:  6: S  :HAT:  0.311
    6: S  :HAT:  8: S  :HAT:  0.340
    7: S  :HAT:  11: S  :HAT:  0.817
    8: S  :HAT:  5: S  :HAT:  0.574
    9: S  :HAT:  9: S  :HAT:  0.528
    10: S  :HAT:  7: S  :HAT:  0.956
    11: S  :HAT:  13: S  :HAT:  0.314
  Singles model 1: 4 
    12: S  :HAT:    13: S  :HAT:    14: S  :HAT:    15: S  :HAT:  
  Singles model 2: 6 
    10: S  :HAT:    12: S  :HAT:    14: S  :HAT:    15: S  :HAT:    16: S  :HAT:  
    17: S  :HAT:  

